[2022-04-14 19:37:58] local.ERROR: SQLSTATE[HY000]: General error: 1364 Field 'avg_goals' doesn't have a default value (SQL: insert into `teams` (`name`, `code`, `power`, `updated_at`, `created_at`) values (Manchester City, MCI, 100, 2022-04-14 19:37:58, 2022-04-14 19:37:58)) {"exception":"[object] (Illuminate\\Database\\QueryException(code: HY000): SQLSTATE[HY000]: General error: 1364 Field 'avg_goals' doesn't have a default value (SQL: insert into `teams` (`name`, `code`, `power`, `updated_at`, `created_at`) values (Manchester City, MCI, 100, 2022-04-14 19:37:58, 2022-04-14 19:37:58)) at /var/www/vendor/laravel/framework/src/Illuminate/Database/Connection.php:745)
[stacktrace]
#0 /var/www/vendor/laravel/framework/src/Illuminate/Database/Connection.php(705): Illuminate\\Database\\Connection->runQueryCallback()
#1 /var/www/vendor/laravel/framework/src/Illuminate/Database/Connection.php(531): Illuminate\\Database\\Connection->run()
#2 /var/www/vendor/laravel/framework/src/Illuminate/Database/Connection.php(483): Illuminate\\Database\\Connection->statement()
#3 /var/www/vendor/laravel/framework/src/Illuminate/Database/Query/Processors/Processor.php(32): Illuminate\\Database\\Connection->insert()
#4 /var/www/vendor/laravel/framework/src/Illuminate/Database/Query/Builder.php(3221): Illuminate\\Database\\Query\\Processors\\Processor->processInsertGetId()
#5 /var/www/vendor/laravel/framework/src/Illuminate/Database/Eloquent/Builder.php(1707): Illuminate\\Database\\Query\\Builder->insertGetId()
#6 /var/www/vendor/laravel/framework/src/Illuminate/Database/Eloquent/Model.php(1190): Illuminate\\Database\\Eloquent\\Builder->__call()
#7 /var/www/vendor/laravel/framework/src/Illuminate/Database/Eloquent/Model.php(1155): Illuminate\\Database\\Eloquent\\Model->insertAndSetId()
#8 /var/www/vendor/laravel/framework/src/Illuminate/Database/Eloquent/Model.php(996): Illuminate\\Database\\Eloquent\\Model->performInsert()
#9 /var/www/vendor/laravel/framework/src/Illuminate/Database/Eloquent/Builder.php(946): Illuminate\\Database\\Eloquent\\Model->save()
#10 /var/www/vendor/laravel/framework/src/Illuminate/Support/helpers.php(302): Illuminate\\Database\\Eloquent\\Builder->Illuminate\\Database\\Eloquent\\{closure}()
#11 /var/www/vendor/laravel/framework/src/Illuminate/Database/Eloquent/Builder.php(947): tap()
#12 /var/www/vendor/laravel/framework/src/Illuminate/Support/Traits/ForwardsCalls.php(23): Illuminate\\Database\\Eloquent\\Builder->create()
#13 /var/www/vendor/laravel/framework/src/Illuminate/Database/Eloquent/Model.php(2133): Illuminate\\Database\\Eloquent\\Model->forwardCallTo()
#14 /var/www/vendor/laravel/framework/src/Illuminate/Database/Eloquent/Model.php(2145): Illuminate\\Database\\Eloquent\\Model->__call()
#15 /var/www/database/seeders/TeamSeeder.php(21): Illuminate\\Database\\Eloquent\\Model::__callStatic()
#16 /var/www/vendor/laravel/framework/src/Illuminate/Container/BoundMethod.php(36): Database\\Seeders\\TeamSeeder->run()
#17 /var/www/vendor/laravel/framework/src/Illuminate/Container/Util.php(41): Illuminate\\Container\\BoundMethod::Illuminate\\Container\\{closure}()
#18 /var/www/vendor/laravel/framework/src/Illuminate/Container/BoundMethod.php(93): Illuminate\\Container\\Util::unwrapIfClosure()
#19 /var/www/vendor/laravel/framework/src/Illuminate/Container/BoundMethod.php(37): Illuminate\\Container\\BoundMethod::callBoundMethod()
#20 /var/www/vendor/laravel/framework/src/Illuminate/Container/Container.php(653): Illuminate\\Container\\BoundMethod::call()
#21 /var/www/vendor/laravel/framework/src/Illuminate/Database/Seeder.php(175): Illuminate\\Container\\Container->call()
#22 /var/www/vendor/laravel/framework/src/Illuminate/Database/Seeder.php(184): Illuminate\\Database\\Seeder->Illuminate\\Database\\{closure}()
#23 /var/www/vendor/laravel/framework/src/Illuminate/Database/Seeder.php(57): Illuminate\\Database\\Seeder->__invoke()
#24 /var/www/database/seeders/DatabaseSeeder.php(17): Illuminate\\Database\\Seeder->call()
#25 /var/www/vendor/laravel/framework/src/Illuminate/Container/BoundMethod.php(36): Database\\Seeders\\DatabaseSeeder->run()
#26 /var/www/vendor/laravel/framework/src/Illuminate/Container/Util.php(41): Illuminate\\Container\\BoundMethod::Illuminate\\Container\\{closure}()
#27 /var/www/vendor/laravel/framework/src/Illuminate/Container/BoundMethod.php(93): Illuminate\\Container\\Util::unwrapIfClosure()
#28 /var/www/vendor/laravel/framework/src/Illuminate/Container/BoundMethod.php(37): Illuminate\\Container\\BoundMethod::callBoundMethod()
#29 /var/www/vendor/laravel/framework/src/Illuminate/Container/Container.php(653): Illuminate\\Container\\BoundMethod::call()
#30 /var/www/vendor/laravel/framework/src/Illuminate/Database/Seeder.php(175): Illuminate\\Container\\Container->call()
#31 /var/www/vendor/laravel/framework/src/Illuminate/Database/Seeder.php(184): Illuminate\\Database\\Seeder->Illuminate\\Database\\{closure}()
#32 /var/www/vendor/laravel/framework/src/Illuminate/Database/Console/Seeds/SeedCommand.php(77): Illuminate\\Database\\Seeder->__invoke()
#33 /var/www/vendor/laravel/framework/src/Illuminate/Database/Eloquent/Concerns/GuardsAttributes.php(155): Illuminate\\Database\\Console\\Seeds\\SeedCommand->Illuminate\\Database\\Console\\Seeds\\{closure}()
#34 /var/www/vendor/laravel/framework/src/Illuminate/Database/Console/Seeds/SeedCommand.php(78): Illuminate\\Database\\Eloquent\\Model::unguarded()
#35 /var/www/vendor/laravel/framework/src/Illuminate/Container/BoundMethod.php(36): Illuminate\\Database\\Console\\Seeds\\SeedCommand->handle()
#36 /var/www/vendor/laravel/framework/src/Illuminate/Container/Util.php(41): Illuminate\\Container\\BoundMethod::Illuminate\\Container\\{closure}()
#37 /var/www/vendor/laravel/framework/src/Illuminate/Container/BoundMethod.php(93): Illuminate\\Container\\Util::unwrapIfClosure()
#38 /var/www/vendor/laravel/framework/src/Illuminate/Container/BoundMethod.php(37): Illuminate\\Container\\BoundMethod::callBoundMethod()
#39 /var/www/vendor/laravel/framework/src/Illuminate/Container/Container.php(653): Illuminate\\Container\\BoundMethod::call()
#40 /var/www/vendor/laravel/framework/src/Illuminate/Console/Command.php(171): Illuminate\\Container\\Container->call()
#41 /var/www/vendor/symfony/console/Command/Command.php(291): Illuminate\\Console\\Command->execute()
#42 /var/www/vendor/laravel/framework/src/Illuminate/Console/Command.php(156): Symfony\\Component\\Console\\Command\\Command->run()
#43 /var/www/vendor/symfony/console/Application.php(989): Illuminate\\Console\\Command->run()
#44 /var/www/vendor/symfony/console/Application.php(299): Symfony\\Component\\Console\\Application->doRunCommand()
#45 /var/www/vendor/symfony/console/Application.php(171): Symfony\\Component\\Console\\Application->doRun()
#46 /var/www/vendor/laravel/framework/src/Illuminate/Console/Application.php(102): Symfony\\Component\\Console\\Application->run()
#47 /var/www/vendor/laravel/framework/src/Illuminate/Foundation/Console/Kernel.php(129): Illuminate\\Console\\Application->run()
#48 /var/www/artisan(37): Illuminate\\Foundation\\Console\\Kernel->handle()
#49 {main}

[previous exception] [object] (PDOException(code: HY000): SQLSTATE[HY000]: General error: 1364 Field 'avg_goals' doesn't have a default value at /var/www/vendor/laravel/framework/src/Illuminate/Database/Connection.php:530)
[stacktrace]
#0 /var/www/vendor/laravel/framework/src/Illuminate/Database/Connection.php(530): PDOStatement->execute()
#1 /var/www/vendor/laravel/framework/src/Illuminate/Database/Connection.php(738): Illuminate\\Database\\Connection->Illuminate\\Database\\{closure}()
#2 /var/www/vendor/laravel/framework/src/Illuminate/Database/Connection.php(705): Illuminate\\Database\\Connection->runQueryCallback()
#3 /var/www/vendor/laravel/framework/src/Illuminate/Database/Connection.php(531): Illuminate\\Database\\Connection->run()
#4 /var/www/vendor/laravel/framework/src/Illuminate/Database/Connection.php(483): Illuminate\\Database\\Connection->statement()
#5 /var/www/vendor/laravel/framework/src/Illuminate/Database/Query/Processors/Processor.php(32): Illuminate\\Database\\Connection->insert()
#6 /var/www/vendor/laravel/framework/src/Illuminate/Database/Query/Builder.php(3221): Illuminate\\Database\\Query\\Processors\\Processor->processInsertGetId()
#7 /var/www/vendor/laravel/framework/src/Illuminate/Database/Eloquent/Builder.php(1707): Illuminate\\Database\\Query\\Builder->insertGetId()
#8 /var/www/vendor/laravel/framework/src/Illuminate/Database/Eloquent/Model.php(1190): Illuminate\\Database\\Eloquent\\Builder->__call()
#9 /var/www/vendor/laravel/framework/src/Illuminate/Database/Eloquent/Model.php(1155): Illuminate\\Database\\Eloquent\\Model->insertAndSetId()
#10 /var/www/vendor/laravel/framework/src/Illuminate/Database/Eloquent/Model.php(996): Illuminate\\Database\\Eloquent\\Model->performInsert()
#11 /var/www/vendor/laravel/framework/src/Illuminate/Database/Eloquent/Builder.php(946): Illuminate\\Database\\Eloquent\\Model->save()
#12 /var/www/vendor/laravel/framework/src/Illuminate/Support/helpers.php(302): Illuminate\\Database\\Eloquent\\Builder->Illuminate\\Database\\Eloquent\\{closure}()
#13 /var/www/vendor/laravel/framework/src/Illuminate/Database/Eloquent/Builder.php(947): tap()
#14 /var/www/vendor/laravel/framework/src/Illuminate/Support/Traits/ForwardsCalls.php(23): Illuminate\\Database\\Eloquent\\Builder->create()
#15 /var/www/vendor/laravel/framework/src/Illuminate/Database/Eloquent/Model.php(2133): Illuminate\\Database\\Eloquent\\Model->forwardCallTo()
#16 /var/www/vendor/laravel/framework/src/Illuminate/Database/Eloquent/Model.php(2145): Illuminate\\Database\\Eloquent\\Model->__call()
#17 /var/www/database/seeders/TeamSeeder.php(21): Illuminate\\Database\\Eloquent\\Model::__callStatic()
#18 /var/www/vendor/laravel/framework/src/Illuminate/Container/BoundMethod.php(36): Database\\Seeders\\TeamSeeder->run()
#19 /var/www/vendor/laravel/framework/src/Illuminate/Container/Util.php(41): Illuminate\\Container\\BoundMethod::Illuminate\\Container\\{closure}()
#20 /var/www/vendor/laravel/framework/src/Illuminate/Container/BoundMethod.php(93): Illuminate\\Container\\Util::unwrapIfClosure()
#21 /var/www/vendor/laravel/framework/src/Illuminate/Container/BoundMethod.php(37): Illuminate\\Container\\BoundMethod::callBoundMethod()
#22 /var/www/vendor/laravel/framework/src/Illuminate/Container/Container.php(653): Illuminate\\Container\\BoundMethod::call()
#23 /var/www/vendor/laravel/framework/src/Illuminate/Database/Seeder.php(175): Illuminate\\Container\\Container->call()
#24 /var/www/vendor/laravel/framework/src/Illuminate/Database/Seeder.php(184): Illuminate\\Database\\Seeder->Illuminate\\Database\\{closure}()
#25 /var/www/vendor/laravel/framework/src/Illuminate/Database/Seeder.php(57): Illuminate\\Database\\Seeder->__invoke()
#26 /var/www/database/seeders/DatabaseSeeder.php(17): Illuminate\\Database\\Seeder->call()
#27 /var/www/vendor/laravel/framework/src/Illuminate/Container/BoundMethod.php(36): Database\\Seeders\\DatabaseSeeder->run()
#28 /var/www/vendor/laravel/framework/src/Illuminate/Container/Util.php(41): Illuminate\\Container\\BoundMethod::Illuminate\\Container\\{closure}()
#29 /var/www/vendor/laravel/framework/src/Illuminate/Container/BoundMethod.php(93): Illuminate\\Container\\Util::unwrapIfClosure()
#30 /var/www/vendor/laravel/framework/src/Illuminate/Container/BoundMethod.php(37): Illuminate\\Container\\BoundMethod::callBoundMethod()
#31 /var/www/vendor/laravel/framework/src/Illuminate/Container/Container.php(653): Illuminate\\Container\\BoundMethod::call()
#32 /var/www/vendor/laravel/framework/src/Illuminate/Database/Seeder.php(175): Illuminate\\Container\\Container->call()
#33 /var/www/vendor/laravel/framework/src/Illuminate/Database/Seeder.php(184): Illuminate\\Database\\Seeder->Illuminate\\Database\\{closure}()
#34 /var/www/vendor/laravel/framework/src/Illuminate/Database/Console/Seeds/SeedCommand.php(77): Illuminate\\Database\\Seeder->__invoke()
#35 /var/www/vendor/laravel/framework/src/Illuminate/Database/Eloquent/Concerns/GuardsAttributes.php(155): Illuminate\\Database\\Console\\Seeds\\SeedCommand->Illuminate\\Database\\Console\\Seeds\\{closure}()
#36 /var/www/vendor/laravel/framework/src/Illuminate/Database/Console/Seeds/SeedCommand.php(78): Illuminate\\Database\\Eloquent\\Model::unguarded()
#37 /var/www/vendor/laravel/framework/src/Illuminate/Container/BoundMethod.php(36): Illuminate\\Database\\Console\\Seeds\\SeedCommand->handle()
#38 /var/www/vendor/laravel/framework/src/Illuminate/Container/Util.php(41): Illuminate\\Container\\BoundMethod::Illuminate\\Container\\{closure}()
#39 /var/www/vendor/laravel/framework/src/Illuminate/Container/BoundMethod.php(93): Illuminate\\Container\\Util::unwrapIfClosure()
#40 /var/www/vendor/laravel/framework/src/Illuminate/Container/BoundMethod.php(37): Illuminate\\Container\\BoundMethod::callBoundMethod()
#41 /var/www/vendor/laravel/framework/src/Illuminate/Container/Container.php(653): Illuminate\\Container\\BoundMethod::call()
#42 /var/www/vendor/laravel/framework/src/Illuminate/Console/Command.php(171): Illuminate\\Container\\Container->call()
#43 /var/www/vendor/symfony/console/Command/Command.php(291): Illuminate\\Console\\Command->execute()
#44 /var/www/vendor/laravel/framework/src/Illuminate/Console/Command.php(156): Symfony\\Component\\Console\\Command\\Command->run()
#45 /var/www/vendor/symfony/console/Application.php(989): Illuminate\\Console\\Command->run()
#46 /var/www/vendor/symfony/console/Application.php(299): Symfony\\Component\\Console\\Application->doRunCommand()
#47 /var/www/vendor/symfony/console/Application.php(171): Symfony\\Component\\Console\\Application->doRun()
#48 /var/www/vendor/laravel/framework/src/Illuminate/Console/Application.php(102): Symfony\\Component\\Console\\Application->run()
#49 /var/www/vendor/laravel/framework/src/Illuminate/Foundation/Console/Kernel.php(129): Illuminate\\Console\\Application->run()
#50 /var/www/artisan(37): Illuminate\\Foundation\\Console\\Kernel->handle()
#51 {main}
"} 
